<?xml version="1.0" encoding="UTF-8"?>
<testng-results ignored="0" total="1" passed="1" failed="0" skipped="0">
  <reporter-output>
  </reporter-output>
  <suite started-at="2025-11-04T21:17:42 EST" name="Default suite" finished-at="2025-11-04T21:17:47 EST" duration-ms="4242">
    <groups>
    </groups>
    <test started-at="2025-11-04T21:17:42 EST" name="Default test" finished-at="2025-11-04T21:17:47 EST" duration-ms="4242">
      <class name="learnSelenium1.testPage">
        <test-method is-config="true" signature="setUp()[pri:0, instance:learnSelenium1.testPage@10683d9d]" started-at="2025-11-04T21:17:42 EST" name="setUp" finished-at="2025-11-04T21:17:45 EST" duration-ms="2350" status="PASS">
          <reporter-output>
          </reporter-output>
        </test-method> <!-- setUp -->
        <test-method signature="testValidLogin()[pri:0, instance:learnSelenium1.testPage@10683d9d]" started-at="2025-11-04T21:17:45 EST" name="testValidLogin" finished-at="2025-11-04T21:17:46 EST" duration-ms="1442" status="PASS">
          <reporter-output>
          </reporter-output>
        </test-method> <!-- testValidLogin -->
        <test-method is-config="true" signature="tearDown()[pri:0, instance:learnSelenium1.testPage@10683d9d]" started-at="2025-11-04T21:17:46 EST" name="tearDown" finished-at="2025-11-04T21:17:47 EST" duration-ms="409" status="PASS">
          <reporter-output>
          </reporter-output>
        </test-method> <!-- tearDown -->
      </class> <!-- learnSelenium1.testPage -->
    </test> <!-- Default test -->
  </suite> <!-- Default suite -->
</testng-results>
